[21:10:27] ========== 실험 시작 (4vCPU / 8GB 고정) | 큐모드=1 ==========
[21:10:27] CLIENT=10.161.96.174  SERVER=10.161.96.157
[21:10:45] [ERROR] ubuntu@10.161.96.157 에 iperf3가 없습니다. VM 접속 후: sudo apt update && sudo apt install -y iperf3
[21:10:45] 호스트 원본 값 복원 중...
복원: 10.161.96.32
net.core.rmem_max = 212992
net.core.wmem_max = 212992
net.core.rmem_default = 212992
net.core.wmem_default = 212992
net.core.netdev_max_backlog = 1000
net.core.busy_poll = 0
net.core.busy_read = 0
net.ipv4.tcp_rmem = 4096 131072 6291456
net.ipv4.tcp_wmem = 4096 16384 4194304
  완료: rmem_max=212992
복원: 10.161.96.33
net.core.rmem_max = 212992
net.core.wmem_max = 212992
net.core.rmem_default = 212992
net.core.wmem_default = 212992
net.core.netdev_max_backlog = 1000
net.core.busy_poll = 0
net.core.busy_read = 0
net.ipv4.tcp_rmem = 4096 131072 6291456
net.ipv4.tcp_wmem = 4096 16384 4194304
  완료: rmem_max=212992
[완료] 기본값 복원
