[20:51:38] ========== 실험 시작 (4vCPU / 8GB 고정) | 큐모드=1 ==========
[20:51:38] CLIENT=10.161.96.174  SERVER=10.161.96.157
[20:51:38] ===== A: Baseline (기본값, 큐=1) =====
[20:51:39] 큐 설정: 1개 (ubuntu@10.161.96.174, NIC=eth0)
netlink error: no device matches name (offset 24)
netlink error: No such device
[20:51:39] [ERROR] 큐 설정 실패. 실제 오류 (run.log 끝):
[20:51:39]   [20:51:38] ===== A: Baseline (기본값, 큐=1) =====
[20:51:39]   [20:51:39] 큐 설정: 1개 (ubuntu@10.161.96.174, NIC=eth0)
[20:51:39]   netlink error: no device matches name (offset 24)
[20:51:39]   netlink error: No such device
[20:51:39]   [20:51:39] [ERROR] 큐 설정 실패. 실제 오류 (run.log 끝):
[20:51:39] 가능한 원인: 1) VM에 eth0 없음 → VM에서 ip link 로 확인 후 VM_ETH=ens3 등으로 설정 2) sudo 권한 3) ethtool -L 미지원
[20:51:39] 측정만 하려면: SKIP_QUEUE_SET=1 ./start_test.sh [1|2|4]
[20:51:39] 호스트 원본 값 복원 중...
복원: 10.161.96.32
net.core.rmem_max = 212992
net.core.wmem_max = 212992
net.core.rmem_default = 212992
net.core.wmem_default = 212992
net.core.netdev_max_backlog = 1000
net.core.busy_poll = 0
net.core.busy_read = 0
net.ipv4.tcp_rmem = 4096 131072 6291456
net.ipv4.tcp_wmem = 4096 16384 4194304
  완료: rmem_max=212992
복원: 10.161.96.33
net.core.rmem_max = 212992
net.core.wmem_max = 212992
net.core.rmem_default = 212992
net.core.wmem_default = 212992
net.core.netdev_max_backlog = 1000
net.core.busy_poll = 0
net.core.busy_read = 0
net.ipv4.tcp_rmem = 4096 131072 6291456
net.ipv4.tcp_wmem = 4096 16384 4194304
  완료: rmem_max=212992
[완료] 기본값 복원
