[21:04:26] ========== 실험 시작 (4vCPU / 8GB 고정) | 큐모드=1 ==========
[21:04:26] CLIENT=10.161.96.174  SERVER=10.161.96.157
[21:04:28] iperf3 확인 OK (서버/클라이언트)
[21:04:28] ===== A: Baseline (기본값, 큐=1) =====
[21:04:29] 큐 설정: 1개 (ubuntu@10.161.96.174, NIC=enp2s0, 최대=1)
[21:04:29] 큐 검증 OK: 1개
[21:04:29] -- A Run 1/3 --
==============================
 CONFIG=A  RUN=1
 CLIENT=10.161.96.174  SERVER=10.161.96.157
 Mon Mar  9 21:04:29 KST 2026
==============================

[21:04:32] TCP P=1 측정 (60s)...
  → 8.52 Gbps  (재전송: 26203)

[21:05:43] TCP P=4 측정 (60s)...
  → 8.79 Gbps  (재전송: 67611)

[21:06:54] TCP P=8 측정 (60s)...
  → 9.08 Gbps  (재전송: 116808)
CONFIG=A RUN=1 TIME=Mon Mar  9 21:08:06 KST 2026
P1: 8.52 Gbps  retrans=26203
P4: 8.79 Gbps  retrans=67611
P8: 9.08 Gbps  retrans=116808
[21:08:36] -- A Run 2/3 --
==============================
 CONFIG=A  RUN=2
 CLIENT=10.161.96.174  SERVER=10.161.96.157
 Mon Mar  9 21:08:36 KST 2026
==============================
Connection timed out during banner exchange
Connection to 10.161.96.157 port 22 timed out
[21:08:46] 호스트 원본 값 복원 중...
복원: 10.161.96.32
net.core.rmem_max = 212992
net.core.wmem_max = 212992
net.core.rmem_default = 212992
net.core.wmem_default = 212992
net.core.netdev_max_backlog = 1000
net.core.busy_poll = 0
net.core.busy_read = 0
net.ipv4.tcp_rmem = 4096 131072 6291456
net.ipv4.tcp_wmem = 4096 16384 4194304
  완료: rmem_max=212992
복원: 10.161.96.33
net.core.rmem_max = 212992
net.core.wmem_max = 212992
net.core.rmem_default = 212992
net.core.wmem_default = 212992
net.core.netdev_max_backlog = 1000
net.core.busy_poll = 0
net.core.busy_read = 0
net.ipv4.tcp_rmem = 4096 131072 6291456
net.ipv4.tcp_wmem = 4096 16384 4194304
  완료: rmem_max=212992
[완료] 기본값 복원
